#
# There is insufficient memory for the Java Runtime Environment to continue.
# Native memory allocation (mmap) failed to map 123731968 bytes for G1 virtual space
# Possible reasons:
#   The system is out of physical RAM or swap space
#   The process is running with CompressedOops enabled, and the Java Heap may be blocking the growth of the native heap
# Possible solutions:
#   Reduce memory load on the system
#   Increase physical memory or swap space
#   Check if swap backing store is full
#   Decrease Java heap size (-Xmx/-Xms)
#   Decrease number of Java threads
#   Decrease Java thread stack sizes (-Xss)
#   Set larger code cache with -XX:ReservedCodeCacheSize=
#   JVM is running with Unscaled Compressed Oops mode in which the Java heap is
#     placed in the first 4GB address space. The Java Heap base address is the
#     maximum limit for the native heap growth. Please use -XX:HeapBaseMinAddress
#     to set the Java Heap base and to place the Java Heap above 4GB virtual address.
# This output file may be truncated or incomplete.
#
#  Out of Memory Error (os_windows.cpp:3527), pid=35832, tid=35824
#
# JRE version:  (19.0.1+10) (build )
# Java VM: Java HotSpot(TM) 64-Bit Server VM (19.0.1+10-21, mixed mode, sharing, tiered, compressed oops, compressed class ptrs, g1 gc, windows-amd64)
# No core dump will be written. Minidumps are not enabled by default on client versions of Windows
#

---------------  S U M M A R Y ------------

Command Line: -Dfile.encoding=UTF-8 --module-path=C:\Users\DIVYASHREE\Documents\NetBeansProjects\Travel Management System\build\classes travel.management.system.View

Host: AMD Ryzen 5 5600H with Radeon Graphics         , 12 cores, 7G,  Windows 11 , 64 bit Build 22000 (10.0.22000.2538)
Time: Wed Dec  6 00:41:10 2023 India Standard Time elapsed time: 0.054656 seconds (0d 0h 0m 0s)

---------------  T H R E A D  ---------------

Current thread (0x00000200aaa7c150):  JavaThread "Unknown thread" [_thread_in_vm, id=35824, stack(0x0000006aaa500000,0x0000006aaa600000)]

Stack: [0x0000006aaa500000,0x0000006aaa600000]
Native frames: (J=compiled Java code, j=interpreted, Vv=VM code, C=native code)
V  [jvm.dll+0x6ee8fa]
V  [jvm.dll+0x857a1e]
V  [jvm.dll+0x85940e]
V  [jvm.dll+0x859ac3]
V  [jvm.dll+0x28291f]
V  [jvm.dll+0x6eb6e9]
V  [jvm.dll+0x6e028a]
V  [jvm.dll+0x357136]
V  [jvm.dll+0x35eb96]
V  [jvm.dll+0x3b555e]
V  [jvm.dll+0x3b578f]
V  [jvm.dll+0x32c6ea]
V  [jvm.dll+0x32d59e]
V  [jvm.dll+0x821b20]
V  [jvm.dll+0x3c27c1]
V  [jvm.dll+0x8022f1]
V  [jvm.dll+0x44b30f]
V  [jvm.dll+0x44cc91]
C  [jli.dll+0x5287]
C  [ucrtbase.dll+0x26c0c]
C  [KERNEL32.DLL+0x153e0]
C  [ntdll.dll+0x485b]


---------------  P R O C E S S  ---------------

Threads class SMR info:
_java_thread_list=0x00007ffc28f9d048, length=0, elements={
}

Java Threads: ( => current thread )

Other Threads:
  0x00000200aaad9f50 WorkerThread "GC Thread#0" [stack: 0x0000006aaa600000,0x0000006aaa700000] [id=35816]
  0x00000200aaae9a90 ConcurrentGCThread "G1 Main Marker" [stack: 0x0000006aaa700000,0x0000006aaa800000] [id=34752]
  0x00000200aaaebb70 WorkerThread "G1 Conc#0" [stack: 0x0000006aaa800000,0x0000006aaa900000] [id=35472]

[error occurred during error reporting (printing all threads), id 0xc0000005, EXCEPTION_ACCESS_VIOLATION (0xc0000005) at pc=0x00007ffc2875d127]

VM state: not at safepoint (not fully initialized)

VM Mutex/Monitor currently owned by a thread:  ([mutex/lock_event])
[0x00000200aaa769a0] Heap_lock - owner thread: 0x00000200aaa7c150

Heap address: 0x000000008a600000, size: 1882 MB, Compressed Oops mode: 32-bit

CDS archive(s) mapped at: [0x0000000000000000-0x0000000000000000-0x0000000000000000), size 0, SharedBaseAddress: 0x0000000800000000, ArchiveRelocationMode: 0.
Narrow klass base: 0x0000000000000000, Narrow klass shift: 0, Narrow klass range: 0x0

GC Precious Log:
 CardTable entry size: 512
 Card Set container configuration: InlinePtr #cards 5 size 8 Array Of Cards #cards 12 size 40 Howl #buckets 4 coarsen threshold 1843 Howl Bitmap #cards 512 size 80 coarsen threshold 460 Card regions per heap region 1 cards per card region 2048

Heap:
 garbage-first heap   total 0K, used 0K [0x000000008a600000, 0x0000000100000000)
  region size 1024K, 0 young (0K), 0 survivors (0K)

[error occurred during error reporting (printing heap information), id 0xc0000005, EXCEPTION_ACCESS_VIOLATION (0xc0000005) at pc=0x00007ffc28b66959]

GC Heap History (0 events):
No events

Dll operation events (1 events):
Event: 0.014 Loaded shared library C:\Program Files\Java\jdk-19\bin\java.dll

Deoptimization events (0 events):
No events

Classes loaded (0 events):
No events

Classes unloaded (0 events):
No events

Classes redefined (0 events):
No events

Internal exceptions (0 events):
No events

VM Operations (0 events):
No events

Events (0 events):
No events


Dynamic libraries:
0x00007ff6c57c0000 - 0x00007ff6c57d0000 	C:\Program Files\Java\jdk-19\bin\java.exe
0x00007ffc89860000 - 0x00007ffc89a69000 	C:\windows\SYSTEM32\ntdll.dll
0x00007ffc87f90000 - 0x00007ffc8804d000 	C:\windows\System32\KERNEL32.DLL
0x00007ffc86ff0000 - 0x00007ffc87374000 	C:\windows\System32\KERNELBASE.dll
0x00007ffc87470000 - 0x00007ffc87581000 	C:\windows\System32\ucrtbase.dll
0x00007ffc41e20000 - 0x00007ffc41e3b000 	C:\Program Files\Java\jdk-19\bin\VCRUNTIME140.dll
0x00007ffc79d60000 - 0x00007ffc79d78000 	C:\Program Files\Java\jdk-19\bin\jli.dll
0x00007ffc89770000 - 0x00007ffc8981e000 	C:\windows\System32\ADVAPI32.dll
0x00007ffc88050000 - 0x00007ffc880f3000 	C:\windows\System32\msvcrt.dll
0x00007ffc88b00000 - 0x00007ffc88b9e000 	C:\windows\System32\sechost.dll
0x00007ffc89640000 - 0x00007ffc89761000 	C:\windows\System32\RPCRT4.dll
0x00007ffc88ca0000 - 0x00007ffc88e4d000 	C:\windows\System32\USER32.dll
0x00007ffc87440000 - 0x00007ffc87466000 	C:\windows\System32\win32u.dll
0x00007ffc878b0000 - 0x00007ffc878da000 	C:\windows\System32\GDI32.dll
0x00007ffc86cf0000 - 0x00007ffc86e0e000 	C:\windows\System32\gdi32full.dll
0x00007ffc87590000 - 0x00007ffc8762d000 	C:\windows\System32\msvcp_win.dll
0x00007ffc721c0000 - 0x00007ffc72465000 	C:\windows\WinSxS\amd64_microsoft.windows.common-controls_6595b64144ccf1df_6.0.22000.120_none_9d947278b86cc467\COMCTL32.dll
0x00007ffc7f3c0000 - 0x00007ffc7f3ca000 	C:\windows\SYSTEM32\VERSION.dll
0x00007ffc88ac0000 - 0x00007ffc88af1000 	C:\windows\System32\IMM32.DLL
0x00007ffc63fa0000 - 0x00007ffc63fac000 	C:\Program Files\Java\jdk-19\bin\vcruntime140_1.dll
0x00007ffc27f30000 - 0x00007ffc27fbe000 	C:\Program Files\Java\jdk-19\bin\msvcp140.dll
0x00007ffc28420000 - 0x00007ffc290e0000 	C:\Program Files\Java\jdk-19\bin\server\jvm.dll
0x00007ffc80820000 - 0x00007ffc80853000 	C:\windows\SYSTEM32\WINMM.dll
0x00007ffc647d0000 - 0x00007ffc647d9000 	C:\windows\SYSTEM32\WSOCK32.dll
0x00007ffc88280000 - 0x00007ffc882ef000 	C:\windows\System32\WS2_32.dll
0x00007ffc85d60000 - 0x00007ffc85d78000 	C:\windows\SYSTEM32\kernel.appcore.dll
0x00007ffc63af0000 - 0x00007ffc63afa000 	C:\Program Files\Java\jdk-19\bin\jimage.dll
0x00007ffc788d0000 - 0x00007ffc78af1000 	C:\windows\SYSTEM32\DBGHELP.DLL
0x00007ffc70950000 - 0x00007ffc70981000 	C:\windows\SYSTEM32\dbgcore.DLL
0x00007ffc87630000 - 0x00007ffc876af000 	C:\windows\System32\bcryptPrimitives.dll
0x00007ffc33070000 - 0x00007ffc33096000 	C:\Program Files\Java\jdk-19\bin\java.dll

dbghelp: loaded successfully - version: 4.0.5 - missing functions: none
symbol engine: initialized successfully - sym options: 0x614 - pdb path: .;C:\Program Files\Java\jdk-19\bin;C:\windows\SYSTEM32;C:\windows\WinSxS\amd64_microsoft.windows.common-controls_6595b64144ccf1df_6.0.22000.120_none_9d947278b86cc467;C:\Program Files\Java\jdk-19\bin\server

VM Arguments:
jvm_args: -Dfile.encoding=UTF-8 --module-path=C:\Users\DIVYASHREE\Documents\NetBeansProjects\Travel Management System\build\classes 
java_command: travel.management.system.View
java_class_path (initial): C:\Users\DIVYASHREE\Downloads;C:\Users\DIVYASHREE\Downloads\icons-20231025T044808Z-001.zip;C:\Users\DIVYASHREE\Downloads\mysql-connector-java-8.0.28 (1).jar;C:\Users\DIVYASHREE\Documents\NetBeansProjects\Travel Management System\build\classes
Launcher Type: SUN_STANDARD

[Global flags]
     intx CICompilerCount                          = 4                                         {product} {ergonomic}
     uint ConcGCThreads                            = 3                                         {product} {ergonomic}
     uint G1ConcRefinementThreads                  = 10                                        {product} {ergonomic}
   size_t G1HeapRegionSize                         = 1048576                                   {product} {ergonomic}
    uintx GCDrainStackTargetSize                   = 64                                        {product} {ergonomic}
   size_t InitialHeapSize                          = 123731968                                 {product} {ergonomic}
   size_t MarkStackSize                            = 4194304                                   {product} {ergonomic}
   size_t MaxHeapSize                              = 1973420032                                {product} {ergonomic}
   size_t MinHeapDeltaBytes                        = 1048576                                   {product} {ergonomic}
   size_t MinHeapSize                              = 8388608                                   {product} {ergonomic}
    uintx NonNMethodCodeHeapSize                   = 5839372                                {pd product} {ergonomic}
    uintx NonProfiledCodeHeapSize                  = 122909434                              {pd product} {ergonomic}
    uintx ProfiledCodeHeapSize                     = 122909434                              {pd product} {ergonomic}
    uintx ReservedCodeCacheSize                    = 251658240                              {pd product} {ergonomic}
     bool SegmentedCodeCache                       = true                                      {product} {ergonomic}
   size_t SoftMaxHeapSize                          = 1973420032                             {manageable} {ergonomic}
     bool UseCompressedClassPointers               = true                           {product lp64_product} {ergonomic}
     bool UseCompressedOops                        = true                           {product lp64_product} {ergonomic}
     bool UseG1GC                                  = true                                      {product} {ergonomic}
     bool UseLargePagesIndividualAllocation        = false                                  {pd product} {ergonomic}

Logging:
Log output configuration:
 #0: stdout all=warning uptime,level,tags foldmultilines=false
 #1: stderr all=off uptime,level,tags foldmultilines=false

Environment Variables:
PATH=C:\Program Files\Common Files\Oracle\Java\javapath;C:\windows\system32;C:\windows;C:\windows\System32\Wbem;C:\windows\System32\WindowsPowerShell\v1.0\;C:\windows\System32\OpenSSH\;C:\Program Files (x86)\NVIDIA Corporation\PhysX\Common;C:\Program Files\NVIDIA Corporation\NVIDIA NvDLISR;C:\Program Files\MySQL\MySQL Shell 8.0\bin\;C:\Users\DIVYASHREE\AppData\Local\Microsoft\WindowsApps;;C:\Users\DIVYASHREE\AppData\Local\Programs\Microsoft VS Code\bin
USERNAME=DIVYASHREE
OS=Windows_NT
PROCESSOR_IDENTIFIER=AMD64 Family 25 Model 80 Stepping 0, AuthenticAMD
TMP=C:\Users\DIVYAS~1\AppData\Local\Temp
TEMP=C:\Users\DIVYAS~1\AppData\Local\Temp



---------------  S Y S T E M  ---------------

OS:
 Windows 11 , 64 bit Build 22000 (10.0.22000.2538)
OS uptime: 2 days 4:56 hours

CPU: total 12 (initial active 12) (12 cores per cpu, 2 threads per core) family 25 model 80 stepping 0 microcode 0x0, cx8, cmov, fxsr, ht, mmx, 3dnowpref, sse, sse2, sse3, ssse3, sse4a, sse4.1, sse4.2, popcnt, lzcnt, tsc, tscinvbit, avx, avx2, aes, erms, clmul, bmi1, bmi2, adx, sha, fma, vzeroupper, clflush, clflushopt, rdtscp, rdpid, fsrm

Memory: 4k page, system-wide physical 7524M (816M free)
TotalPageFile size 31076M (AvailPageFile size 54M)
current process WorkingSet (physical memory assigned to process): 10M, peak: 10M
current process commit charge ("private bytes"): 64M, peak: 182M

vm_info: Java HotSpot(TM) 64-Bit Server VM (19.0.1+10-21) for windows-amd64 JRE (19.0.1+10-21), built on 2022-09-14T12:45:06Z by "mach5one" with MS VC++ 17.1 (VS2022)

END.
